
> portfolio@0.1.0 start
> react-scripts start

node:fs:441
    return binding.readFileUtf8(path, stringToFlags(options.flag));
                   ^

Error: UNKNOWN: unknown error, read
    at Object.readFileSync (node:fs:441:20)
    at defaultLoadImpl (node:internal/modules/cjs/loader:1190:17)
    at loadSource (node:internal/modules/cjs/loader:1880:20)
    at Object..js (node:internal/modules/cjs/loader:1978:44)
    at Module.load (node:internal/modules/cjs/loader:1577:32)
    at Module._load (node:internal/modules/cjs/loader:1379:12)
    at wrapModuleLoad (node:internal/modules/cjs/loader:255:19)
    at Module.require (node:internal/modules/cjs/loader:1600:12)
    at require (node:internal/modules/helpers:153:16)
    at Object.<anonymous> (C:\Users\xalid\OneDrive\Documents\Portfolio\Portfolio\Portfolio\node_modules\fork-ts-checker-webpack-plugin\lib\hooks\tapDoneToAsyncGetIssues.js:18:29) {
  errno: -4094,
  code: 'UNKNOWN',
  syscall: 'read'
}

Node.js v24.16.0

C:\Users\xalid\OneDrive\Documents\Portfolio\Portfolio\Portfolio>'s' is not recognized as an internal or external command,
operable program or batch file.

C:\Users\xalid\OneDrive\Documents\Portfolio\Portfolio\Portfolio>